<?xml version="1.0" encoding="UTF-8"?>
<!-- Generated by org.testng.reporters.JUnitReportReporter -->
<testsuite hostname="Kishan" failures="0" tests="4" name="com.Annotations.Annotations1" time="0.023" errors="0" timestamp="25 Jun 2018 03:04:59 GMT">
  <testcase classname="com.Annotations.Annotations1" name="BrowserLaunch" time="0.014"/>
  <testcase classname="com.Annotations.Annotations1" name="ComposeMail" time="0.002"/>
  <testcase classname="com.Annotations.Annotations1" name="Login" time="0.003"/>
  <testcase classname="com.Annotations.Annotations1" name="Inbox" time="0.004"/>
</testsuite> <!-- com.Annotations.Annotations1 -->
