<?xml version="1.0" encoding="UTF-8"?>
<!-- Generated by org.testng.reporters.JUnitReportReporter -->
<testsuite hostname="Kishan" failures="0" tests="2" name="com.Annotations.Annotations2" time="0.009" errors="0" timestamp="25 Jun 2018 03:10:20 GMT">
  <testcase classname="com.Annotations.Annotations2" name="Inbox" time="0.007"/>
  <testcase classname="com.Annotations.Annotations2" name="ComposeMail" time="0.002"/>
</testsuite> <!-- com.Annotations.Annotations2 -->
