<?xml version="1.0" encoding="UTF-8"?>
<!-- Generated by org.testng.reporters.JUnitReportReporter -->
<testsuite hostname="Kishan" failures="0" tests="1" name="com.Annotations.MouseHoverOperation_Amazon_Hellosign" time="1.930" errors="0" timestamp="25 Jun 2018 12:36:12 GMT">
  <testcase classname="com.Annotations.MouseHoverOperation_Amazon_Hellosign" name="Signin" time="1.930"/>
</testsuite> <!-- com.Annotations.MouseHoverOperation_Amazon_Hellosign -->
