<?xml version="1.0" encoding="UTF-8"?>
<!-- Generated by org.testng.reporters.JUnitReportReporter -->
<testsuite hostname="Kishan" failures="0" tests="1" name="com.Annotations.Ng_NewTours_NewUserRegistartion" time="3.783" errors="0" timestamp="26 Jun 2018 03:51:32 GMT">
  <testcase classname="com.Annotations.Ng_NewTours_NewUserRegistartion" name="Register" time="3.783"/>
</testsuite> <!-- com.Annotations.Ng_NewTours_NewUserRegistartion -->
