<?xml version="1.0" encoding="UTF-8"?>
<!-- Generated by org.testng.reporters.JUnitReportReporter -->
<testsuite hostname="Kishan" failures="0" tests="1" name="com.Annotations.NewTours_LogInTest" time="4.993" errors="0" timestamp="25 Jun 2018 04:20:51 GMT">
  <testcase classname="com.Annotations.NewTours_LogInTest" name="LoginTest" time="4.993"/>
</testsuite> <!-- com.Annotations.NewTours_LogInTest -->
