<?xml version="1.0" encoding="UTF-8"?>
<!-- Generated by org.testng.reporters.JUnitReportReporter -->
<testsuite hostname="Kishan" failures="0" tests="1" name="com.Annotations.Ng_NewTours_HomePage_DisplayingLinkNames" time="0.478" errors="0" timestamp="25 Jun 2018 12:28:43 GMT">
  <testcase classname="com.Annotations.Ng_NewTours_HomePage_DisplayingLinkNames" name="LoginTest" time="0.478"/>
</testsuite> <!-- com.Annotations.Ng_NewTours_HomePage_DisplayingLinkNames -->
