<?xml version="1.0" encoding="UTF-8"?>
<!-- Generated by org.testng.reporters.JUnitReportReporter -->
<testsuite hostname="Kishan" failures="0" tests="2" name="com.Annotations.Annotations3" time="0.018" errors="0" timestamp="25 Jun 2018 03:53:42 GMT">
  <testcase classname="com.Annotations.Annotations3" name="ComposeMail" time="0.010"/>
  <testcase classname="com.Annotations.Annotations3" name="Inbox" time="0.008"/>
</testsuite> <!-- com.Annotations.Annotations3 -->
